This file contains any messages produced by compilers while
running configure, to aid debugging if configure makes a mistake.

It was created by tesseract configure 2.03, which was
generated by GNU Autoconf 2.59.  Invocation command line was

  $ ./configure --with-libtiff=/usr/lib

## --------- ##
## Platform. ##
## --------- ##

hostname = deep-blue
uname -m = i686
uname -r = 2.6.27-11-generic
uname -s = Linux
uname -v = #1 SMP Thu Jan 29 19:24:39 UTC 2009

/usr/bin/uname -p = unknown
/bin/uname -X     = unknown

/bin/arch              = unknown
/usr/bin/arch -k       = unknown
/usr/convex/getsysinfo = unknown
hostinfo               = unknown
/bin/machine           = unknown
/usr/bin/oslevel       = unknown
/bin/universe          = unknown

PATH: /usr/local/sbin
PATH: /usr/local/bin
PATH: /usr/sbin
PATH: /usr/bin
PATH: /sbin
PATH: /bin
PATH: /usr/games
PATH: /opt/real/RealPlayer
PATH: /opt/real/RealPlayer


## ----------- ##
## Core tests. ##
## ----------- ##

configure:1385: checking build system type
configure:1403: result: i686-pc-linux-gnu
configure:1411: checking host system type
configure:1425: result: i686-pc-linux-gnu
configure:1575: checking for cl.exe
configure:1604: result: no
configure:1575: checking for g++
configure:1591: found /usr/bin/g++
configure:1601: result: g++
configure:1617: checking for C++ compiler version
configure:1620: g++ --version </dev/null >&5
g++ (Ubuntu 4.3.2-1ubuntu12) 4.3.2
Copyright (C) 2008 Free Software Foundation, Inc.
This is free software; see the source for copying conditions.  There is NO
warranty; not even for MERCHANTABILITY or FITNESS FOR A PARTICULAR PURPOSE.

configure:1623: $? = 0
configure:1625: g++ -v </dev/null >&5
Using built-in specs.
Target: i486-linux-gnu
Configured with: ../src/configure -v --with-pkgversion='Ubuntu 4.3.2-1ubuntu12' --with-bugurl=file:///usr/share/doc/gcc-4.3/README.Bugs --enable-languages=c,c++,fortran,objc,obj-c++ --prefix=/usr --enable-shared --with-system-zlib --libexecdir=/usr/lib --without-included-gettext --enable-threads=posix --enable-nls --with-gxx-include-dir=/usr/include/c++/4.3 --program-suffix=-4.3 --enable-clocale=gnu --enable-libstdcxx-debug --enable-objc-gc --enable-mpfr --enable-targets=all --enable-checking=release --build=i486-linux-gnu --host=i486-linux-gnu --target=i486-linux-gnu
Thread model: posix
gcc version 4.3.2 (Ubuntu 4.3.2-1ubuntu12) 
configure:1628: $? = 0
configure:1630: g++ -V </dev/null >&5
g++: '-V' option must have argument
configure:1633: $? = 1
configure:1656: checking for C++ compiler default output file name
configure:1659: g++    conftest.cc  >&5
configure:1662: $? = 0
configure:1708: result: a.out
configure:1713: checking whether the C++ compiler works
configure:1719: ./a.out
configure:1722: $? = 0
configure:1739: result: yes
configure:1746: checking whether we are cross compiling
configure:1748: result: no
configure:1751: checking for suffix of executables
configure:1753: g++ -o conftest    conftest.cc  >&5
configure:1756: $? = 0
configure:1781: result: 
configure:1787: checking for suffix of object files
configure:1808: g++ -c   conftest.cc >&5
configure:1811: $? = 0
configure:1833: result: o
configure:1837: checking whether we are using the GNU C++ compiler
configure:1861: g++ -c   conftest.cc >&5
configure:1867: $? = 0
configure:1870: test -z 			 || test ! -s conftest.err
configure:1873: $? = 0
configure:1876: test -s conftest.o
configure:1879: $? = 0
configure:1892: result: yes
configure:1898: checking whether g++ accepts -g
configure:1919: g++ -c -g  conftest.cc >&5
configure:1925: $? = 0
configure:1928: test -z 			 || test ! -s conftest.err
configure:1931: $? = 0
configure:1934: test -s conftest.o
configure:1937: $? = 0
configure:1948: result: yes
configure:1990: g++ -c -g -O2  conftest.cc >&5
configure:1996: $? = 0
configure:1999: test -z 			 || test ! -s conftest.err
configure:2002: $? = 0
configure:2005: test -s conftest.o
configure:2008: $? = 0
configure:2034: g++ -c -g -O2  conftest.cc >&5
conftest.cc: In function 'int main()':
conftest.cc:17: error: 'exit' was not declared in this scope
configure:2040: $? = 1
configure: failed program was:
| /* confdefs.h.  */
| 
| #define PACKAGE_NAME "tesseract"
| #define PACKAGE_TARNAME "tesseract"
| #define PACKAGE_VERSION "2.03"
| #define PACKAGE_STRING "tesseract 2.03"
| #define PACKAGE_BUGREPORT "theraysmith@gmail.com"
| #define PACKAGE_NAME "tesseract"
| #define PACKAGE_VERSION "2.03"
| #define PACKAGE_YEAR "2008"
| #define PACKAGE_DATE "04/22"
| /* end confdefs.h.  */
| 
| int
| main ()
| {
| exit (42);
|   ;
|   return 0;
| }
configure:1990: g++ -c -g -O2  conftest.cc >&5
conftest.cc:13: error: 'void std::exit(int)' should have been declared inside 'std'
configure:1996: $? = 1
configure: failed program was:
| /* confdefs.h.  */
| 
| #define PACKAGE_NAME "tesseract"
| #define PACKAGE_TARNAME "tesseract"
| #define PACKAGE_VERSION "2.03"
| #define PACKAGE_STRING "tesseract 2.03"
| #define PACKAGE_BUGREPORT "theraysmith@gmail.com"
| #define PACKAGE_NAME "tesseract"
| #define PACKAGE_VERSION "2.03"
| #define PACKAGE_YEAR "2008"
| #define PACKAGE_DATE "04/22"
| /* end confdefs.h.  */
| extern "C" void std::exit (int) throw (); using std::exit;
| #include <stdlib.h>
| int
| main ()
| {
| exit (42);
|   ;
|   return 0;
| }
configure:1990: g++ -c -g -O2  conftest.cc >&5
conftest.cc:13: error: 'void std::exit(int)' should have been declared inside 'std'
In file included from conftest.cc:14:
/usr/include/stdlib.h:531: error: declaration of 'void std::exit(int) throw ()' throws different exceptions
conftest.cc:13: error: from previous declaration 'void std::exit(int)'
configure:1996: $? = 1
configure: failed program was:
| /* confdefs.h.  */
| 
| #define PACKAGE_NAME "tesseract"
| #define PACKAGE_TARNAME "tesseract"
| #define PACKAGE_VERSION "2.03"
| #define PACKAGE_STRING "tesseract 2.03"
| #define PACKAGE_BUGREPORT "theraysmith@gmail.com"
| #define PACKAGE_NAME "tesseract"
| #define PACKAGE_VERSION "2.03"
| #define PACKAGE_YEAR "2008"
| #define PACKAGE_DATE "04/22"
| /* end confdefs.h.  */
| extern "C" void std::exit (int); using std::exit;
| #include <stdlib.h>
| int
| main ()
| {
| exit (42);
|   ;
|   return 0;
| }
configure:1990: g++ -c -g -O2  conftest.cc >&5
configure:1996: $? = 0
configure:1999: test -z 			 || test ! -s conftest.err
configure:2002: $? = 0
configure:2005: test -s conftest.o
configure:2008: $? = 0
configure:2034: g++ -c -g -O2  conftest.cc >&5
configure:2040: $? = 0
configure:2043: test -z 			 || test ! -s conftest.err
configure:2046: $? = 0
configure:2049: test -s conftest.o
configure:2052: $? = 0
configure:2100: checking for a BSD-compatible install
configure:2155: result: /usr/bin/install -c
configure:2166: checking whether build environment is sane
configure:2209: result: yes
configure:2224: checking whether make sets $(MAKE)
configure:2244: result: yes
configure:2276: checking for working aclocal-1.4
configure:2287: result: missing
configure:2291: checking for working autoconf
configure:2302: result: missing
configure:2306: checking for working automake-1.4
configure:2317: result: missing
configure:2321: checking for working autoheader
configure:2332: result: missing
configure:2336: checking for working makeinfo
configure:2347: result: missing
configure:2358: checking whether to enable maintainer-specific portions of Makefiles
configure:2367: result: no
configure:2444: checking for gcc
configure:2460: found /usr/bin/gcc
configure:2470: result: gcc
configure:2714: checking for C compiler version
configure:2717: gcc --version </dev/null >&5
gcc (Ubuntu 4.3.2-1ubuntu12) 4.3.2
Copyright (C) 2008 Free Software Foundation, Inc.
This is free software; see the source for copying conditions.  There is NO
warranty; not even for MERCHANTABILITY or FITNESS FOR A PARTICULAR PURPOSE.

configure:2720: $? = 0
configure:2722: gcc -v </dev/null >&5
Using built-in specs.
Target: i486-linux-gnu
Configured with: ../src/configure -v --with-pkgversion='Ubuntu 4.3.2-1ubuntu12' --with-bugurl=file:///usr/share/doc/gcc-4.3/README.Bugs --enable-languages=c,c++,fortran,objc,obj-c++ --prefix=/usr --enable-shared --with-system-zlib --libexecdir=/usr/lib --without-included-gettext --enable-threads=posix --enable-nls --with-gxx-include-dir=/usr/include/c++/4.3 --program-suffix=-4.3 --enable-clocale=gnu --enable-libstdcxx-debug --enable-objc-gc --enable-mpfr --enable-targets=all --enable-checking=release --build=i486-linux-gnu --host=i486-linux-gnu --target=i486-linux-gnu
Thread model: posix
gcc version 4.3.2 (Ubuntu 4.3.2-1ubuntu12) 
configure:2725: $? = 0
configure:2727: gcc -V </dev/null >&5
gcc: '-V' option must have argument
configure:2730: $? = 1
configure:2733: checking whether we are using the GNU C compiler
configure:2757: gcc -c   conftest.c >&5
configure:2763: $? = 0
configure:2766: test -z 			 || test ! -s conftest.err
configure:2769: $? = 0
configure:2772: test -s conftest.o
configure:2775: $? = 0
configure:2788: result: yes
configure:2794: checking whether gcc accepts -g
configure:2815: gcc -c -g  conftest.c >&5
configure:2821: $? = 0
configure:2824: test -z 			 || test ! -s conftest.err
configure:2827: $? = 0
configure:2830: test -s conftest.o
configure:2833: $? = 0
configure:2844: result: yes
configure:2861: checking for gcc option to accept ANSI C
configure:2931: gcc  -c -g -O2  conftest.c >&5
configure:2937: $? = 0
configure:2940: test -z 			 || test ! -s conftest.err
configure:2943: $? = 0
configure:2946: test -s conftest.o
configure:2949: $? = 0
configure:2967: result: none needed
configure:2985: gcc -c -g -O2  conftest.c >&5
conftest.c:2: error: expected '=', ',', ';', 'asm' or '__attribute__' before 'me'
configure:2991: $? = 1
configure: failed program was:
| #ifndef __cplusplus
|   choke me
| #endif
configure:3122: checking whether byte ordering is bigendian
configure:3149: gcc -c -g -O2  conftest.c >&5
configure:3155: $? = 0
configure:3158: test -z 			 || test ! -s conftest.err
configure:3161: $? = 0
configure:3164: test -s conftest.o
configure:3167: $? = 0
configure:3191: gcc -c -g -O2  conftest.c >&5
conftest.c: In function 'main':
conftest.c:25: error: 'not' undeclared (first use in this function)
conftest.c:25: error: (Each undeclared identifier is reported only once
conftest.c:25: error: for each function it appears in.)
conftest.c:25: error: expected ';' before 'big'
configure:3197: $? = 1
configure: failed program was:
| /* confdefs.h.  */
| 
| #define PACKAGE_NAME "tesseract"
| #define PACKAGE_TARNAME "tesseract"
| #define PACKAGE_VERSION "2.03"
| #define PACKAGE_STRING "tesseract 2.03"
| #define PACKAGE_BUGREPORT "theraysmith@gmail.com"
| #define PACKAGE_NAME "tesseract"
| #define PACKAGE_VERSION "2.03"
| #define PACKAGE_YEAR "2008"
| #define PACKAGE_DATE "04/22"
| #ifdef __cplusplus
| extern "C" void exit (int) throw ();
| #endif
| #define PACKAGE ""
| #define VERSION ""
| /* end confdefs.h.  */
| #include <sys/types.h>
| #include <sys/param.h>
| 
| int
| main ()
| {
| #if BYTE_ORDER != BIG_ENDIAN
|  not big endian
| #endif
| 
|   ;
|   return 0;
| }
configure:3330: result: no
configure:3398: checking for ranlib
configure:3414: found /usr/bin/ranlib
configure:3425: result: ranlib
configure:3543: checking for deflate in -lz
configure:3573: g++ -o conftest -g -O2   conftest.cc -lz   >&5
configure:3579: $? = 0
configure:3582: test -z 			 || test ! -s conftest.err
configure:3585: $? = 0
configure:3588: test -s conftest
configure:3591: $? = 0
configure:3604: result: yes
configure:3616: checking for png_read_png in -lpng
configure:3646: g++ -o conftest -g -O2   conftest.cc -lpng  -lz  >&5
configure:3652: $? = 0
configure:3655: test -z 			 || test ! -s conftest.err
configure:3658: $? = 0
configure:3661: test -s conftest
configure:3664: $? = 0
configure:3677: result: yes
configure:3689: checking for jpeg_read_scanlines in -ljpeg
configure:3719: g++ -o conftest -g -O2   conftest.cc -ljpeg  -lpng -lz  >&5
configure:3725: $? = 0
configure:3728: test -z 			 || test ! -s conftest.err
configure:3731: $? = 0
configure:3734: test -s conftest
configure:3737: $? = 0
configure:3750: result: yes
configure:3762: checking for sem_init in -lpthread
configure:3792: g++ -o conftest -g -O2   conftest.cc -lpthread  -ljpeg -lpng -lz  >&5
configure:3798: $? = 0
configure:3801: test -z 			 || test ! -s conftest.err
configure:3804: $? = 0
configure:3807: test -s conftest
configure:3810: $? = 0
configure:3823: result: yes
configure:3932: checking how to run the C++ preprocessor
configure:3963: g++ -E  conftest.cc
configure:3969: $? = 0
configure:4001: g++ -E  conftest.cc
conftest.cc:22:28: error: ac_nonexistent.h: No such file or directory
configure:4007: $? = 1
configure: failed program was:
| /* confdefs.h.  */
| 
| #define PACKAGE_NAME "tesseract"
| #define PACKAGE_TARNAME "tesseract"
| #define PACKAGE_VERSION "2.03"
| #define PACKAGE_STRING "tesseract 2.03"
| #define PACKAGE_BUGREPORT "theraysmith@gmail.com"
| #define PACKAGE_NAME "tesseract"
| #define PACKAGE_VERSION "2.03"
| #define PACKAGE_YEAR "2008"
| #define PACKAGE_DATE "04/22"
| #ifdef __cplusplus
| extern "C" void exit (int) throw ();
| #endif
| #define PACKAGE ""
| #define VERSION ""
| #define HAVE_LIBZ 1
| #define HAVE_LIBPNG 1
| #define HAVE_LIBJPEG 1
| #define HAVE_LIBPTHREAD 1
| /* end confdefs.h.  */
| #include <ac_nonexistent.h>
configure:4046: result: g++ -E
configure:4070: g++ -E  conftest.cc
configure:4076: $? = 0
configure:4108: g++ -E  conftest.cc
conftest.cc:22:28: error: ac_nonexistent.h: No such file or directory
configure:4114: $? = 1
configure: failed program was:
| /* confdefs.h.  */
| 
| #define PACKAGE_NAME "tesseract"
| #define PACKAGE_TARNAME "tesseract"
| #define PACKAGE_VERSION "2.03"
| #define PACKAGE_STRING "tesseract 2.03"
| #define PACKAGE_BUGREPORT "theraysmith@gmail.com"
| #define PACKAGE_NAME "tesseract"
| #define PACKAGE_VERSION "2.03"
| #define PACKAGE_YEAR "2008"
| #define PACKAGE_DATE "04/22"
| #ifdef __cplusplus
| extern "C" void exit (int) throw ();
| #endif
| #define PACKAGE ""
| #define VERSION ""
| #define HAVE_LIBZ 1
| #define HAVE_LIBPNG 1
| #define HAVE_LIBJPEG 1
| #define HAVE_LIBPTHREAD 1
| /* end confdefs.h.  */
| #include <ac_nonexistent.h>
configure:4158: checking for egrep
configure:4168: result: grep -E
configure:4173: checking for ANSI C header files
configure:4198: g++ -c -g -O2  conftest.cc >&5
configure:4204: $? = 0
configure:4207: test -z 			 || test ! -s conftest.err
configure:4210: $? = 0
configure:4213: test -s conftest.o
configure:4216: $? = 0
configure:4305: g++ -o conftest -g -O2   conftest.cc -lpthread -ljpeg -lpng -lz  >&5
configure:4308: $? = 0
configure:4310: ./conftest
configure:4313: $? = 0
configure:4328: result: yes
configure:4338: checking whether time.h and sys/time.h may both be included
configure:4363: g++ -c -g -O2  conftest.cc >&5
configure:4369: $? = 0
configure:4372: test -z 			 || test ! -s conftest.err
configure:4375: $? = 0
configure:4378: test -s conftest.o
configure:4381: $? = 0
configure:4392: result: yes
configure:4402: checking for sys/wait.h that is POSIX.1 compatible
configure:4433: g++ -c -g -O2  conftest.cc >&5
configure:4439: $? = 0
configure:4442: test -z 			 || test ! -s conftest.err
configure:4445: $? = 0
configure:4448: test -s conftest.o
configure:4451: $? = 0
configure:4462: result: yes
configure:4486: checking for sys/types.h
configure:4502: g++ -c -g -O2  conftest.cc >&5
configure:4508: $? = 0
configure:4511: test -z 			 || test ! -s conftest.err
configure:4514: $? = 0
configure:4517: test -s conftest.o
configure:4520: $? = 0
configure:4531: result: yes
configure:4486: checking for sys/stat.h
configure:4502: g++ -c -g -O2  conftest.cc >&5
configure:4508: $? = 0
configure:4511: test -z 			 || test ! -s conftest.err
configure:4514: $? = 0
configure:4517: test -s conftest.o
configure:4520: $? = 0
configure:4531: result: yes
configure:4486: checking for stdlib.h
configure:4502: g++ -c -g -O2  conftest.cc >&5
configure:4508: $? = 0
configure:4511: test -z 			 || test ! -s conftest.err
configure:4514: $? = 0
configure:4517: test -s conftest.o
configure:4520: $? = 0
configure:4531: result: yes
configure:4486: checking for string.h
configure:4502: g++ -c -g -O2  conftest.cc >&5
configure:4508: $? = 0
configure:4511: test -z 			 || test ! -s conftest.err
configure:4514: $? = 0
configure:4517: test -s conftest.o
configure:4520: $? = 0
configure:4531: result: yes
configure:4486: checking for memory.h
configure:4502: g++ -c -g -O2  conftest.cc >&5
configure:4508: $? = 0
configure:4511: test -z 			 || test ! -s conftest.err
configure:4514: $? = 0
configure:4517: test -s conftest.o
configure:4520: $? = 0
configure:4531: result: yes
configure:4486: checking for strings.h
configure:4502: g++ -c -g -O2  conftest.cc >&5
configure:4508: $? = 0
configure:4511: test -z 			 || test ! -s conftest.err
configure:4514: $? = 0
configure:4517: test -s conftest.o
configure:4520: $? = 0
configure:4531: result: yes
configure:4486: checking for inttypes.h
configure:4502: g++ -c -g -O2  conftest.cc >&5
configure:4508: $? = 0
configure:4511: test -z 			 || test ! -s conftest.err
configure:4514: $? = 0
configure:4517: test -s conftest.o
configure:4520: $? = 0
configure:4531: result: yes
configure:4486: checking for stdint.h
configure:4502: g++ -c -g -O2  conftest.cc >&5
configure:4508: $? = 0
configure:4511: test -z 			 || test ! -s conftest.err
configure:4514: $? = 0
configure:4517: test -s conftest.o
configure:4520: $? = 0
configure:4531: result: yes
configure:4486: checking for unistd.h
configure:4502: g++ -c -g -O2  conftest.cc >&5
configure:4508: $? = 0
configure:4511: test -z 			 || test ! -s conftest.err
configure:4514: $? = 0
configure:4517: test -s conftest.o
configure:4520: $? = 0
configure:4531: result: yes
configure:4558: checking sys/ipc.h usability
configure:4570: g++ -c -g -O2  conftest.cc >&5
configure:4576: $? = 0
configure:4579: test -z 			 || test ! -s conftest.err
configure:4582: $? = 0
configure:4585: test -s conftest.o
configure:4588: $? = 0
configure:4598: result: yes
configure:4602: checking sys/ipc.h presence
configure:4612: g++ -E  conftest.cc
configure:4618: $? = 0
configure:4638: result: yes
configure:4673: checking for sys/ipc.h
configure:4680: result: yes
configure:4558: checking sys/shm.h usability
configure:4570: g++ -c -g -O2  conftest.cc >&5
configure:4576: $? = 0
configure:4579: test -z 			 || test ! -s conftest.err
configure:4582: $? = 0
configure:4585: test -s conftest.o
configure:4588: $? = 0
configure:4598: result: yes
configure:4602: checking sys/shm.h presence
configure:4612: g++ -E  conftest.cc
configure:4618: $? = 0
configure:4638: result: yes
configure:4673: checking for sys/shm.h
configure:4680: result: yes
configure:4708: checking limits.h usability
configure:4720: g++ -c -g -O2  conftest.cc >&5
configure:4726: $? = 0
configure:4729: test -z 			 || test ! -s conftest.err
configure:4732: $? = 0
configure:4735: test -s conftest.o
configure:4738: $? = 0
configure:4748: result: yes
configure:4752: checking limits.h presence
configure:4762: g++ -E  conftest.cc
configure:4768: $? = 0
configure:4788: result: yes
configure:4823: checking for limits.h
configure:4830: result: yes
configure:4708: checking malloc.h usability
configure:4720: g++ -c -g -O2  conftest.cc >&5
configure:4726: $? = 0
configure:4729: test -z 			 || test ! -s conftest.err
configure:4732: $? = 0
configure:4735: test -s conftest.o
configure:4738: $? = 0
configure:4748: result: yes
configure:4752: checking malloc.h presence
configure:4762: g++ -E  conftest.cc
configure:4768: $? = 0
configure:4788: result: yes
configure:4823: checking for malloc.h
configure:4830: result: yes
configure:4857: checking allheaders.h usability
configure:4869: g++ -c -g -O2  conftest.cc >&5
conftest.cc:72:24: error: allheaders.h: No such file or directory
configure:4875: $? = 1
configure: failed program was:
| /* confdefs.h.  */
| 
| #define PACKAGE_NAME "tesseract"
| #define PACKAGE_TARNAME "tesseract"
| #define PACKAGE_VERSION "2.03"
| #define PACKAGE_STRING "tesseract 2.03"
| #define PACKAGE_BUGREPORT "theraysmith@gmail.com"
| #define PACKAGE_NAME "tesseract"
| #define PACKAGE_VERSION "2.03"
| #define PACKAGE_YEAR "2008"
| #define PACKAGE_DATE "04/22"
| #ifdef __cplusplus
| extern "C" void exit (int) throw ();
| #endif
| #define PACKAGE ""
| #define VERSION ""
| #define HAVE_LIBZ 1
| #define HAVE_LIBPNG 1
| #define HAVE_LIBJPEG 1
| #define HAVE_LIBPTHREAD 1
| #define STDC_HEADERS 1
| #define TIME_WITH_SYS_TIME 1
| #define HAVE_SYS_WAIT_H 1
| #define HAVE_SYS_TYPES_H 1
| #define HAVE_SYS_STAT_H 1
| #define HAVE_STDLIB_H 1
| #define HAVE_STRING_H 1
| #define HAVE_MEMORY_H 1
| #define HAVE_STRINGS_H 1
| #define HAVE_INTTYPES_H 1
| #define HAVE_STDINT_H 1
| #define HAVE_UNISTD_H 1
| #define HAVE_SYS_IPC_H 1
| #define HAVE_SYS_SHM_H 1
| #define HAVE_LIMITS_H 1
| #define HAVE_MALLOC_H 1
| /* end confdefs.h.  */
| #include <stdio.h>
| #if HAVE_SYS_TYPES_H
| # include <sys/types.h>
| #endif
| #if HAVE_SYS_STAT_H
| # include <sys/stat.h>
| #endif
| #if STDC_HEADERS
| # include <stdlib.h>
| # include <stddef.h>
| #else
| # if HAVE_STDLIB_H
| #  include <stdlib.h>
| # endif
| #endif
| #if HAVE_STRING_H
| # if !STDC_HEADERS && HAVE_MEMORY_H
| #  include <memory.h>
| # endif
| # include <string.h>
| #endif
| #if HAVE_STRINGS_H
| # include <strings.h>
| #endif
| #if HAVE_INTTYPES_H
| # include <inttypes.h>
| #else
| # if HAVE_STDINT_H
| #  include <stdint.h>
| # endif
| #endif
| #if HAVE_UNISTD_H
| # include <unistd.h>
| #endif
| #include <allheaders.h>
configure:4897: result: no
configure:4901: checking allheaders.h presence
configure:4911: g++ -E  conftest.cc
conftest.cc:38:24: error: allheaders.h: No such file or directory
configure:4917: $? = 1
configure: failed program was:
| /* confdefs.h.  */
| 
| #define PACKAGE_NAME "tesseract"
| #define PACKAGE_TARNAME "tesseract"
| #define PACKAGE_VERSION "2.03"
| #define PACKAGE_STRING "tesseract 2.03"
| #define PACKAGE_BUGREPORT "theraysmith@gmail.com"
| #define PACKAGE_NAME "tesseract"
| #define PACKAGE_VERSION "2.03"
| #define PACKAGE_YEAR "2008"
| #define PACKAGE_DATE "04/22"
| #ifdef __cplusplus
| extern "C" void exit (int) throw ();
| #endif
| #define PACKAGE ""
| #define VERSION ""
| #define HAVE_LIBZ 1
| #define HAVE_LIBPNG 1
| #define HAVE_LIBJPEG 1
| #define HAVE_LIBPTHREAD 1
| #define STDC_HEADERS 1
| #define TIME_WITH_SYS_TIME 1
| #define HAVE_SYS_WAIT_H 1
| #define HAVE_SYS_TYPES_H 1
| #define HAVE_SYS_STAT_H 1
| #define HAVE_STDLIB_H 1
| #define HAVE_STRING_H 1
| #define HAVE_MEMORY_H 1
| #define HAVE_STRINGS_H 1
| #define HAVE_INTTYPES_H 1
| #define HAVE_STDINT_H 1
| #define HAVE_UNISTD_H 1
| #define HAVE_SYS_IPC_H 1
| #define HAVE_SYS_SHM_H 1
| #define HAVE_LIMITS_H 1
| #define HAVE_MALLOC_H 1
| /* end confdefs.h.  */
| #include <allheaders.h>
configure:4937: result: no
configure:4972: checking for allheaders.h
configure:4979: result: no
configure:4993: checking for stdbool.h that conforms to C99
configure:5046: g++ -c -g -O2  conftest.cc >&5
configure:5052: $? = 0
configure:5055: test -z 			 || test ! -s conftest.err
configure:5058: $? = 0
configure:5061: test -s conftest.o
configure:5064: $? = 0
configure:5075: result: yes
configure:5077: checking for _Bool
configure:5101: g++ -c -g -O2  conftest.cc >&5
conftest.cc: In function 'int main()':
conftest.cc:75: error: '_Bool' was not declared in this scope
conftest.cc:75: error: expected primary-expression before ')' token
conftest.cc:75: error: expected `)' before numeric constant
conftest.cc:77: error: '_Bool' was not declared in this scope
configure:5107: $? = 1
configure: failed program was:
| /* confdefs.h.  */
| 
| #define PACKAGE_NAME "tesseract"
| #define PACKAGE_TARNAME "tesseract"
| #define PACKAGE_VERSION "2.03"
| #define PACKAGE_STRING "tesseract 2.03"
| #define PACKAGE_BUGREPORT "theraysmith@gmail.com"
| #define PACKAGE_NAME "tesseract"
| #define PACKAGE_VERSION "2.03"
| #define PACKAGE_YEAR "2008"
| #define PACKAGE_DATE "04/22"
| #ifdef __cplusplus
| extern "C" void exit (int) throw ();
| #endif
| #define PACKAGE ""
| #define VERSION ""
| #define HAVE_LIBZ 1
| #define HAVE_LIBPNG 1
| #define HAVE_LIBJPEG 1
| #define HAVE_LIBPTHREAD 1
| #define STDC_HEADERS 1
| #define TIME_WITH_SYS_TIME 1
| #define HAVE_SYS_WAIT_H 1
| #define HAVE_SYS_TYPES_H 1
| #define HAVE_SYS_STAT_H 1
| #define HAVE_STDLIB_H 1
| #define HAVE_STRING_H 1
| #define HAVE_MEMORY_H 1
| #define HAVE_STRINGS_H 1
| #define HAVE_INTTYPES_H 1
| #define HAVE_STDINT_H 1
| #define HAVE_UNISTD_H 1
| #define HAVE_SYS_IPC_H 1
| #define HAVE_SYS_SHM_H 1
| #define HAVE_LIMITS_H 1
| #define HAVE_MALLOC_H 1
| /* end confdefs.h.  */
| #include <stdio.h>
| #if HAVE_SYS_TYPES_H
| # include <sys/types.h>
| #endif
| #if HAVE_SYS_STAT_H
| # include <sys/stat.h>
| #endif
| #if STDC_HEADERS
| # include <stdlib.h>
| # include <stddef.h>
| #else
| # if HAVE_STDLIB_H
| #  include <stdlib.h>
| # endif
| #endif
| #if HAVE_STRING_H
| # if !STDC_HEADERS && HAVE_MEMORY_H
| #  include <memory.h>
| # endif
| # include <string.h>
| #endif
| #if HAVE_STRINGS_H
| # include <strings.h>
| #endif
| #if HAVE_INTTYPES_H
| # include <inttypes.h>
| #else
| # if HAVE_STDINT_H
| #  include <stdint.h>
| # endif
| #endif
| #if HAVE_UNISTD_H
| # include <unistd.h>
| #endif
| int
| main ()
| {
| if ((_Bool *) 0)
|   return 0;
| if (sizeof (_Bool))
|   return 0;
|   ;
|   return 0;
| }
configure:5130: result: no
configure:5151: checking whether #! works in shell scripts
configure:5168: result: yes
configure:5179: checking for special C compiler options needed for large files
configure:5276: result: no
configure:5282: checking for _FILE_OFFSET_BITS value needed for large files
configure:5313: g++ -c -g -O2  conftest.cc >&5
conftest.cc:45: warning: left shift count >= width of type
conftest.cc:45: warning: left shift count >= width of type
conftest.cc:46: warning: left shift count >= width of type
conftest.cc:46: warning: left shift count >= width of type
conftest.cc:47: error: size of array 'off_t_is_large' is negative
configure:5319: $? = 1
configure: failed program was:
| /* confdefs.h.  */
| 
| #define PACKAGE_NAME "tesseract"
| #define PACKAGE_TARNAME "tesseract"
| #define PACKAGE_VERSION "2.03"
| #define PACKAGE_STRING "tesseract 2.03"
| #define PACKAGE_BUGREPORT "theraysmith@gmail.com"
| #define PACKAGE_NAME "tesseract"
| #define PACKAGE_VERSION "2.03"
| #define PACKAGE_YEAR "2008"
| #define PACKAGE_DATE "04/22"
| #ifdef __cplusplus
| extern "C" void exit (int) throw ();
| #endif
| #define PACKAGE ""
| #define VERSION ""
| #define HAVE_LIBZ 1
| #define HAVE_LIBPNG 1
| #define HAVE_LIBJPEG 1
| #define HAVE_LIBPTHREAD 1
| #define STDC_HEADERS 1
| #define TIME_WITH_SYS_TIME 1
| #define HAVE_SYS_WAIT_H 1
| #define HAVE_SYS_TYPES_H 1
| #define HAVE_SYS_STAT_H 1
| #define HAVE_STDLIB_H 1
| #define HAVE_STRING_H 1
| #define HAVE_MEMORY_H 1
| #define HAVE_STRINGS_H 1
| #define HAVE_INTTYPES_H 1
| #define HAVE_STDINT_H 1
| #define HAVE_UNISTD_H 1
| #define HAVE_SYS_IPC_H 1
| #define HAVE_SYS_SHM_H 1
| #define HAVE_LIMITS_H 1
| #define HAVE_MALLOC_H 1
| #define HAVE_STDBOOL_H 1
| /* end confdefs.h.  */
| #include <sys/types.h>
|  /* Check that off_t can represent 2**63 - 1 correctly.
|     We can't simply define LARGE_OFF_T to be 9223372036854775807,
|     since some C++ compilers masquerading as C compilers
|     incorrectly reject 9223372036854775807.  */
| #define LARGE_OFF_T (((off_t) 1 << 62) - 1 + ((off_t) 1 << 62))
|   int off_t_is_large[(LARGE_OFF_T % 2147483629 == 721
| 		       && LARGE_OFF_T % 2147483647 == 1)
| 		      ? 1 : -1];
| int
| main ()
| {
| 
|   ;
|   return 0;
| }
configure:5365: g++ -c -g -O2  conftest.cc >&5
configure:5371: $? = 0
configure:5374: test -z 			 || test ! -s conftest.err
configure:5377: $? = 0
configure:5380: test -s conftest.o
configure:5383: $? = 0
configure:5395: result: 64
configure:5405: checking for _LARGE_FILES value needed for large files
configure:5436: g++ -c -g -O2  conftest.cc >&5
configure:5442: $? = 0
configure:5445: test -z 			 || test ! -s conftest.err
configure:5448: $? = 0
configure:5451: test -s conftest.o
configure:5454: $? = 0
configure:5518: result: no
configure:5536: checking for wchar_t
configure:5560: g++ -c -g -O2  conftest.cc >&5
configure:5566: $? = 0
configure:5569: test -z 			 || test ! -s conftest.err
configure:5572: $? = 0
configure:5575: test -s conftest.o
configure:5578: $? = 0
configure:5589: result: yes
configure:5600: checking for long long int
configure:5624: g++ -c -g -O2  conftest.cc >&5
configure:5630: $? = 0
configure:5633: test -z 			 || test ! -s conftest.err
configure:5636: $? = 0
configure:5639: test -s conftest.o
configure:5642: $? = 0
configure:5653: result: yes
configure:5664: checking for mbstate_t
configure:5689: g++ -c -g -O2  conftest.cc >&5
configure:5695: $? = 0
configure:5698: test -z 			 || test ! -s conftest.err
configure:5701: $? = 0
configure:5704: test -s conftest.o
configure:5707: $? = 0
configure:5718: result: yes
configure:5732: checking for size_t
configure:5756: g++ -c -g -O2  conftest.cc >&5
configure:5762: $? = 0
configure:5765: test -z 			 || test ! -s conftest.err
configure:5768: $? = 0
configure:5771: test -s conftest.o
configure:5774: $? = 0
configure:5785: result: yes
configure:5810: checking for stdlib.h
configure:5815: result: yes
configure:5810: checking for unistd.h
configure:5815: result: yes
configure:5958: checking for getpagesize
configure:6015: g++ -o conftest -g -O2   conftest.cc -lpthread -ljpeg -lpng -lz  >&5
configure:6021: $? = 0
configure:6024: test -z 			 || test ! -s conftest.err
configure:6027: $? = 0
configure:6030: test -s conftest
configure:6033: $? = 0
configure:6045: result: yes
configure:6055: checking for working mmap
configure:6197: g++ -o conftest -g -O2   conftest.cc -lpthread -ljpeg -lpng -lz  >&5
configure:6200: $? = 0
configure:6202: ./conftest
configure:6205: $? = 0
configure:6219: result: yes
configure:6230: checking for pid_t
configure:6254: g++ -c -g -O2  conftest.cc >&5
configure:6260: $? = 0
configure:6263: test -z 			 || test ! -s conftest.err
configure:6266: $? = 0
configure:6269: test -s conftest.o
configure:6272: $? = 0
configure:6283: result: yes
configure:6301: checking for unistd.h
configure:6306: result: yes
configure:6310: checking vfork.h usability
configure:6322: g++ -c -g -O2  conftest.cc >&5
conftest.cc:82:19: error: vfork.h: No such file or directory
configure:6328: $? = 1
configure: failed program was:
| /* confdefs.h.  */
| 
| #define PACKAGE_NAME "tesseract"
| #define PACKAGE_TARNAME "tesseract"
| #define PACKAGE_VERSION "2.03"
| #define PACKAGE_STRING "tesseract 2.03"
| #define PACKAGE_BUGREPORT "theraysmith@gmail.com"
| #define PACKAGE_NAME "tesseract"
| #define PACKAGE_VERSION "2.03"
| #define PACKAGE_YEAR "2008"
| #define PACKAGE_DATE "04/22"
| #ifdef __cplusplus
| extern "C" void exit (int) throw ();
| #endif
| #define PACKAGE ""
| #define VERSION ""
| #define HAVE_LIBZ 1
| #define HAVE_LIBPNG 1
| #define HAVE_LIBJPEG 1
| #define HAVE_LIBPTHREAD 1
| #define STDC_HEADERS 1
| #define TIME_WITH_SYS_TIME 1
| #define HAVE_SYS_WAIT_H 1
| #define HAVE_SYS_TYPES_H 1
| #define HAVE_SYS_STAT_H 1
| #define HAVE_STDLIB_H 1
| #define HAVE_STRING_H 1
| #define HAVE_MEMORY_H 1
| #define HAVE_STRINGS_H 1
| #define HAVE_INTTYPES_H 1
| #define HAVE_STDINT_H 1
| #define HAVE_UNISTD_H 1
| #define HAVE_SYS_IPC_H 1
| #define HAVE_SYS_SHM_H 1
| #define HAVE_LIMITS_H 1
| #define HAVE_MALLOC_H 1
| #define HAVE_STDBOOL_H 1
| #define _FILE_OFFSET_BITS 64
| #define HAVE_WCHAR_T 1
| #define HAVE_LONG_LONG_INT 1
| #define HAVE_MBSTATE_T 1
| #define HAVE_STDLIB_H 1
| #define HAVE_UNISTD_H 1
| #define HAVE_GETPAGESIZE 1
| #define HAVE_MMAP 1
| #define HAVE_UNISTD_H 1
| /* end confdefs.h.  */
| #include <stdio.h>
| #if HAVE_SYS_TYPES_H
| # include <sys/types.h>
| #endif
| #if HAVE_SYS_STAT_H
| # include <sys/stat.h>
| #endif
| #if STDC_HEADERS
| # include <stdlib.h>
| # include <stddef.h>
| #else
| # if HAVE_STDLIB_H
| #  include <stdlib.h>
| # endif
| #endif
| #if HAVE_STRING_H
| # if !STDC_HEADERS && HAVE_MEMORY_H
| #  include <memory.h>
| # endif
| # include <string.h>
| #endif
| #if HAVE_STRINGS_H
| # include <strings.h>
| #endif
| #if HAVE_INTTYPES_H
| # include <inttypes.h>
| #else
| # if HAVE_STDINT_H
| #  include <stdint.h>
| # endif
| #endif
| #if HAVE_UNISTD_H
| # include <unistd.h>
| #endif
| #include <vfork.h>
configure:6350: result: no
configure:6354: checking vfork.h presence
configure:6364: g++ -E  conftest.cc
conftest.cc:48:19: error: vfork.h: No such file or directory
configure:6370: $? = 1
configure: failed program was:
| /* confdefs.h.  */
| 
| #define PACKAGE_NAME "tesseract"
| #define PACKAGE_TARNAME "tesseract"
| #define PACKAGE_VERSION "2.03"
| #define PACKAGE_STRING "tesseract 2.03"
| #define PACKAGE_BUGREPORT "theraysmith@gmail.com"
| #define PACKAGE_NAME "tesseract"
| #define PACKAGE_VERSION "2.03"
| #define PACKAGE_YEAR "2008"
| #define PACKAGE_DATE "04/22"
| #ifdef __cplusplus
| extern "C" void exit (int) throw ();
| #endif
| #define PACKAGE ""
| #define VERSION ""
| #define HAVE_LIBZ 1
| #define HAVE_LIBPNG 1
| #define HAVE_LIBJPEG 1
| #define HAVE_LIBPTHREAD 1
| #define STDC_HEADERS 1
| #define TIME_WITH_SYS_TIME 1
| #define HAVE_SYS_WAIT_H 1
| #define HAVE_SYS_TYPES_H 1
| #define HAVE_SYS_STAT_H 1
| #define HAVE_STDLIB_H 1
| #define HAVE_STRING_H 1
| #define HAVE_MEMORY_H 1
| #define HAVE_STRINGS_H 1
| #define HAVE_INTTYPES_H 1
| #define HAVE_STDINT_H 1
| #define HAVE_UNISTD_H 1
| #define HAVE_SYS_IPC_H 1
| #define HAVE_SYS_SHM_H 1
| #define HAVE_LIMITS_H 1
| #define HAVE_MALLOC_H 1
| #define HAVE_STDBOOL_H 1
| #define _FILE_OFFSET_BITS 64
| #define HAVE_WCHAR_T 1
| #define HAVE_LONG_LONG_INT 1
| #define HAVE_MBSTATE_T 1
| #define HAVE_STDLIB_H 1
| #define HAVE_UNISTD_H 1
| #define HAVE_GETPAGESIZE 1
| #define HAVE_MMAP 1
| #define HAVE_UNISTD_H 1
| /* end confdefs.h.  */
| #include <vfork.h>
configure:6390: result: no
configure:6425: checking for vfork.h
configure:6432: result: no
configure:6450: checking for fork
configure:6507: g++ -o conftest -g -O2   conftest.cc -lpthread -ljpeg -lpng -lz  >&5
configure:6513: $? = 0
configure:6516: test -z 			 || test ! -s conftest.err
configure:6519: $? = 0
configure:6522: test -s conftest
configure:6525: $? = 0
configure:6537: result: yes
configure:6450: checking for vfork
configure:6507: g++ -o conftest -g -O2   conftest.cc -lpthread -ljpeg -lpng -lz  >&5
configure:6513: $? = 0
configure:6516: test -z 			 || test ! -s conftest.err
configure:6519: $? = 0
configure:6522: test -s conftest
configure:6525: $? = 0
configure:6537: result: yes
configure:6548: checking for working fork
configure:6577: g++ -o conftest -g -O2   conftest.cc -lpthread -ljpeg -lpng -lz  >&5
configure:6580: $? = 0
configure:6582: ./conftest
configure:6585: $? = 0
configure:6599: result: yes
configure:6620: checking for working vfork
configure:6753: result: yes
configure:6789: checking for strerror
configure:6846: g++ -o conftest -g -O2   conftest.cc -lpthread -ljpeg -lpng -lz  >&5
configure:6852: $? = 0
configure:6855: test -z 			 || test ! -s conftest.err
configure:6858: $? = 0
configure:6861: test -s conftest
configure:6864: $? = 0
configure:6876: result: yes
configure:6789: checking for vsnprintf
configure:6846: g++ -o conftest -g -O2   conftest.cc -lpthread -ljpeg -lpng -lz  >&5
configure:6852: $? = 0
configure:6855: test -z 			 || test ! -s conftest.err
configure:6858: $? = 0
configure:6861: test -s conftest
configure:6864: $? = 0
configure:6876: result: yes
configure:6890: checking for gethostname
configure:6947: g++ -o conftest -g -O2   conftest.cc -lpthread -ljpeg -lpng -lz  >&5
configure:6953: $? = 0
configure:6956: test -z 			 || test ! -s conftest.err
configure:6959: $? = 0
configure:6962: test -s conftest
configure:6965: $? = 0
configure:6977: result: yes
configure:6992: checking for strchr
configure:7049: g++ -o conftest -g -O2   conftest.cc -lpthread -ljpeg -lpng -lz  >&5
configure:7055: $? = 0
configure:7058: test -z 			 || test ! -s conftest.err
configure:7061: $? = 0
configure:7064: test -s conftest
configure:7067: $? = 0
configure:7079: result: yes
configure:6992: checking for memcpy
configure:7049: g++ -o conftest -g -O2   conftest.cc -lpthread -ljpeg -lpng -lz  >&5
configure:7055: $? = 0
configure:7058: test -z 			 || test ! -s conftest.err
configure:7061: $? = 0
configure:7064: test -s conftest
configure:7067: $? = 0
configure:7079: result: yes
configure:7094: checking for acos
configure:7151: g++ -o conftest -g -O2   conftest.cc -lpthread -ljpeg -lpng -lz  >&5
configure:7157: $? = 0
configure:7160: test -z 			 || test ! -s conftest.err
configure:7163: $? = 0
configure:7166: test -s conftest
configure:7169: $? = 0
configure:7181: result: yes
configure:7094: checking for asin
configure:7151: g++ -o conftest -g -O2   conftest.cc -lpthread -ljpeg -lpng -lz  >&5
configure:7157: $? = 0
configure:7160: test -z 			 || test ! -s conftest.err
configure:7163: $? = 0
configure:7166: test -s conftest
configure:7169: $? = 0
configure:7181: result: yes
configure:7222: checking for Leffler libtiff library
configure:7320: checking linking with /usr/lib/libtiff.a
configure:7353: g++ -o conftest -g -O2 -I/usr/lib   conftest.cc -lpthread -ljpeg -lpng -lz  /usr/lib/libtiff.a -lm >&5
configure:7359: $? = 0
configure:7362: test -z 			 || test ! -s conftest.err
configure:7365: $? = 0
configure:7368: test -s conftest
configure:7371: $? = 0
configure:7385: result: ok
configure:7401: result: setting LIBTIFF_CFLAGS=-I/usr/lib
configure:7403: result: setting LIBTIFF_LIBS=/usr/lib/libtiff.a
configure:7575: creating ./config.status

## ---------------------- ##
## Running config.status. ##
## ---------------------- ##

This file was extended by tesseract config.status 2.03, which was
generated by GNU Autoconf 2.59.  Invocation command line was

  CONFIG_FILES    = 
  CONFIG_HEADERS  = 
  CONFIG_LINKS    = 
  CONFIG_COMMANDS = 
  $ ./config.status 

on deep-blue

config.status:750: creating Makefile
config.status:750: creating ccmain/Makefile
config.status:750: creating ccstruct/Makefile
config.status:750: creating ccutil/Makefile
config.status:750: creating classify/Makefile
config.status:750: creating cutil/Makefile
config.status:750: creating dict/Makefile
config.status:750: creating pageseg/Makefile
config.status:750: creating image/Makefile
config.status:750: creating textord/Makefile
config.status:750: creating viewer/Makefile
config.status:750: creating wordrec/Makefile
config.status:750: creating training/Makefile
config.status:750: creating tessdata/Makefile
config.status:750: creating tessdata/configs/Makefile
config.status:750: creating tessdata/tessconfigs/Makefile
config.status:750: creating testing/Makefile
config.status:750: creating dlltest/Makefile
config.status:750: creating java/Makefile
config.status:816: creating config_auto.h
config.status:1012: config_auto.h is unchanged
config.status:1170: executing default-1 commands

## ---------------- ##
## Cache variables. ##
## ---------------- ##

ac_cv_build=i686-pc-linux-gnu
ac_cv_build_alias=i686-pc-linux-gnu
ac_cv_c_bigendian=no
ac_cv_c_compiler_gnu=yes
ac_cv_cxx_compiler_gnu=yes
ac_cv_env_CC_set=
ac_cv_env_CC_value=
ac_cv_env_CFLAGS_set=
ac_cv_env_CFLAGS_value=
ac_cv_env_CPPFLAGS_set=
ac_cv_env_CPPFLAGS_value=
ac_cv_env_CXXCPP_set=
ac_cv_env_CXXCPP_value=
ac_cv_env_CXXFLAGS_set=
ac_cv_env_CXXFLAGS_value=
ac_cv_env_CXX_set=
ac_cv_env_CXX_value=
ac_cv_env_LDFLAGS_set=
ac_cv_env_LDFLAGS_value=
ac_cv_env_LIBTIFF_CFLAGS_set=
ac_cv_env_LIBTIFF_CFLAGS_value=
ac_cv_env_LIBTIFF_LIBS_set=
ac_cv_env_LIBTIFF_LIBS_value=
ac_cv_env_build_alias_set=
ac_cv_env_build_alias_value=
ac_cv_env_host_alias_set=
ac_cv_env_host_alias_value=
ac_cv_env_target_alias_set=
ac_cv_env_target_alias_value=
ac_cv_exeext=
ac_cv_func_acos=yes
ac_cv_func_asin=yes
ac_cv_func_fork=yes
ac_cv_func_fork_works=yes
ac_cv_func_gethostname=yes
ac_cv_func_getpagesize=yes
ac_cv_func_memcpy=yes
ac_cv_func_mmap_fixed_mapped=yes
ac_cv_func_strchr=yes
ac_cv_func_strerror=yes
ac_cv_func_vfork=yes
ac_cv_func_vfork_works=yes
ac_cv_func_vsnprintf=yes
ac_cv_header_allheaders_h=no
ac_cv_header_inttypes_h=yes
ac_cv_header_limits_h=yes
ac_cv_header_malloc_h=yes
ac_cv_header_memory_h=yes
ac_cv_header_stdbool_h=yes
ac_cv_header_stdc=yes
ac_cv_header_stdint_h=yes
ac_cv_header_stdlib_h=yes
ac_cv_header_string_h=yes
ac_cv_header_strings_h=yes
ac_cv_header_sys_ipc_h=yes
ac_cv_header_sys_shm_h=yes
ac_cv_header_sys_stat_h=yes
ac_cv_header_sys_types_h=yes
ac_cv_header_sys_wait_h=yes
ac_cv_header_time=yes
ac_cv_header_unistd_h=yes
ac_cv_header_vfork_h=no
ac_cv_host=i686-pc-linux-gnu
ac_cv_host_alias=i686-pc-linux-gnu
ac_cv_lib_jpeg_jpeg_read_scanlines=yes
ac_cv_lib_png_png_read_png=yes
ac_cv_lib_pthread_sem_init=yes
ac_cv_lib_z_deflate=yes
ac_cv_objext=o
ac_cv_path_install='/usr/bin/install -c'
ac_cv_prog_CXXCPP='g++ -E'
ac_cv_prog_ac_ct_CC=gcc
ac_cv_prog_ac_ct_CXX=g++
ac_cv_prog_ac_ct_RANLIB=ranlib
ac_cv_prog_cc_g=yes
ac_cv_prog_cc_stdc=
ac_cv_prog_cxx_g=yes
ac_cv_prog_egrep='grep -E'
ac_cv_prog_make_make_set=yes
ac_cv_sys_file_offset_bits=64
ac_cv_sys_interpreter=yes
ac_cv_sys_large_files=no
ac_cv_sys_largefile_CC=no
ac_cv_type__Bool=no
ac_cv_type_long_long_int=yes
ac_cv_type_mbstate_t=yes
ac_cv_type_pid_t=yes
ac_cv_type_size_t=yes
ac_cv_type_wchar_t=yes

## ----------------- ##
## Output variables. ##
## ----------------- ##

ACLOCAL='/home/debayan/tesseractindic/config/missing aclocal-1.4'
AUTOCONF='/home/debayan/tesseractindic/config/missing autoconf'
AUTOHEADER='/home/debayan/tesseractindic/config/missing autoheader'
AUTOMAKE='/home/debayan/tesseractindic/config/missing automake-1.4'
CC='gcc'
CFLAGS='-I/usr/lib -g -O2'
CPPFLAGS=''
CXX='g++'
CXXCPP='g++ -E'
CXXFLAGS='-I/usr/lib -g -O2'
DEFS='-DHAVE_CONFIG_H'
ECHO_C=''
ECHO_N='-n'
ECHO_T=''
EGREP='grep -E'
EXEEXT=''
HAVE_LIBTIFF_FALSE='#'
HAVE_LIBTIFF_TRUE=''
INSTALL_DATA='${INSTALL} -m 644'
INSTALL_PROGRAM='${INSTALL}'
INSTALL_SCRIPT='${INSTALL}'
LDFLAGS=''
LIBOBJS=''
LIBS='/usr/lib/libtiff.a -lpthread -ljpeg -lpng -lz  -lm'
LIBTIFF_CFLAGS='-I/usr/lib'
LIBTIFF_LIBS='/usr/lib/libtiff.a'
LTLIBOBJS=''
MAINT='#'
MAINTAINER_MODE_FALSE=''
MAINTAINER_MODE_TRUE='#'
MAKEINFO='/home/debayan/tesseractindic/config/missing makeinfo'
OBJEXT='o'
PACKAGE=''
PACKAGE_BUGREPORT='theraysmith@gmail.com'
PACKAGE_DATE='04/22'
PACKAGE_NAME='tesseract'
PACKAGE_STRING='tesseract 2.03'
PACKAGE_TARNAME='tesseract'
PACKAGE_VERSION='2.03'
PACKAGE_YEAR='2008'
PATH_SEPARATOR=':'
RANLIB='ranlib'
SET_MAKE=''
SHELL='/bin/bash'
USING_CL_FALSE=''
USING_CL_TRUE='#'
VERSION=''
ac_ct_CC='gcc'
ac_ct_CXX='g++'
ac_ct_RANLIB='ranlib'
bindir='${exec_prefix}/bin'
build='i686-pc-linux-gnu'
build_alias=''
build_cpu='i686'
build_os='linux-gnu'
build_vendor='pc'
datadir='${prefix}/share'
exec_prefix='${prefix}'
host='i686-pc-linux-gnu'
host_alias=''
host_cpu='i686'
host_os='linux-gnu'
host_vendor='pc'
includedir='${prefix}/include/tesseract'
infodir='${prefix}/info'
libdir='${exec_prefix}/lib'
libexecdir='${exec_prefix}/libexec'
localstatedir='${prefix}/var'
mandir='${prefix}/man'
oldincludedir='/usr/include'
prefix='/usr/local'
program_transform_name='s,x,x,'
sbindir='${exec_prefix}/sbin'
sharedstatedir='${prefix}/com'
sysconfdir='${prefix}/etc'
target_alias=''

## ----------- ##
## confdefs.h. ##
## ----------- ##

#define HAVE_ACOS 1
#define HAVE_ASIN 1
#define HAVE_FORK 1
#define HAVE_GETHOSTNAME 1
#define HAVE_GETPAGESIZE 1
#define HAVE_INTTYPES_H 1
#define HAVE_LIBJPEG 1
#define HAVE_LIBPNG 1
#define HAVE_LIBPTHREAD 1
#define HAVE_LIBTIFF 1
#define HAVE_LIBZ 1
#define HAVE_LIMITS_H 1
#define HAVE_LONG_LONG_INT 1
#define HAVE_MALLOC_H 1
#define HAVE_MBSTATE_T 1
#define HAVE_MEMCPY 1
#define HAVE_MEMORY_H 1
#define HAVE_MMAP 1
#define HAVE_STDBOOL_H 1
#define HAVE_STDINT_H 1
#define HAVE_STDLIB_H 1
#define HAVE_STDLIB_H 1
#define HAVE_STRCHR 1
#define HAVE_STRERROR 1
#define HAVE_STRINGS_H 1
#define HAVE_STRING_H 1
#define HAVE_SYS_IPC_H 1
#define HAVE_SYS_SHM_H 1
#define HAVE_SYS_STAT_H 1
#define HAVE_SYS_TYPES_H 1
#define HAVE_SYS_WAIT_H 1
#define HAVE_UNISTD_H 1
#define HAVE_UNISTD_H 1
#define HAVE_UNISTD_H 1
#define HAVE_VFORK 1
#define HAVE_VSNPRINTF 1
#define HAVE_WCHAR_T 1
#define HAVE_WORKING_FORK 1
#define HAVE_WORKING_VFORK 1
#define PACKAGE ""
#define PACKAGE_BUGREPORT "theraysmith@gmail.com"
#define PACKAGE_DATE "04/22"
#define PACKAGE_NAME "tesseract"
#define PACKAGE_NAME "tesseract"
#define PACKAGE_STRING "tesseract 2.03"
#define PACKAGE_TARNAME "tesseract"
#define PACKAGE_VERSION "2.03"
#define PACKAGE_VERSION "2.03"
#define PACKAGE_YEAR "2008"
#define STDC_HEADERS 1
#define TIME_WITH_SYS_TIME 1
#define VERSION ""
#define _FILE_OFFSET_BITS 64
#endif
#ifdef __cplusplus
extern "C" void exit (int) throw ();

configure: exit 0
